C:\Program Files (x86)\Microsoft Visual Studio\2017\Enterprise\Common7\IDE\VC\VCTargets\Microsoft.CppBuild.targets(391,5): warning MSB8028: The intermediate directory (Debug\) contains files shared from another project (HelloTriangle.vcxproj).  This can lead to incorrect clean and rebuild behavior.
  Source.cpp
c:\users\i849842\personal\unisinos\computação gráfica\git\ca-lista2\lista2-ex2\hellotriangle\source.cpp(278): warning C4244: '=': conversion from 'double' to 'float', possible loss of data
c:\users\i849842\personal\unisinos\computação gráfica\git\ca-lista2\lista2-ex2\hellotriangle\source.cpp(279): warning C4244: '=': conversion from 'double' to 'float', possible loss of data
c:\users\i849842\personal\unisinos\computação gráfica\git\ca-lista2\lista2-ex2\hellotriangle\source.cpp(283): warning C4244: 'initializing': conversion from 'double' to 'float', possible loss of data
c:\users\i849842\personal\unisinos\computação gráfica\git\ca-lista2\lista2-ex2\hellotriangle\source.cpp(284): warning C4244: 'initializing': conversion from 'double' to 'float', possible loss of data
c:\users\i849842\personal\unisinos\computação gráfica\git\ca-lista2\lista2-ex2\hellotriangle\source.cpp(285): warning C4244: '=': conversion from 'double' to 'float', possible loss of data
c:\users\i849842\personal\unisinos\computação gráfica\git\ca-lista2\lista2-ex2\hellotriangle\source.cpp(286): warning C4244: '=': conversion from 'double' to 'float', possible loss of data
glfw3.lib(context.obj) : warning LNK4099: PDB 'glfw.pdb' was not found with 'glfw3.lib(context.obj)' or at 'C:\Users\i849842\Personal\Unisinos\Computação Gráfica\Git\ca-lista2\Lista2-Ex2\Debug\glfw.pdb'; linking object as if no debug info
glfw3.lib(init.obj) : warning LNK4099: PDB 'glfw.pdb' was not found with 'glfw3.lib(init.obj)' or at 'C:\Users\i849842\Personal\Unisinos\Computação Gráfica\Git\ca-lista2\Lista2-Ex2\Debug\glfw.pdb'; linking object as if no debug info
glfw3.lib(input.obj) : warning LNK4099: PDB 'glfw.pdb' was not found with 'glfw3.lib(input.obj)' or at 'C:\Users\i849842\Personal\Unisinos\Computação Gráfica\Git\ca-lista2\Lista2-Ex2\Debug\glfw.pdb'; linking object as if no debug info
glfw3.lib(monitor.obj) : warning LNK4099: PDB 'glfw.pdb' was not found with 'glfw3.lib(monitor.obj)' or at 'C:\Users\i849842\Personal\Unisinos\Computação Gráfica\Git\ca-lista2\Lista2-Ex2\Debug\glfw.pdb'; linking object as if no debug info
glfw3.lib(window.obj) : warning LNK4099: PDB 'glfw.pdb' was not found with 'glfw3.lib(window.obj)' or at 'C:\Users\i849842\Personal\Unisinos\Computação Gráfica\Git\ca-lista2\Lista2-Ex2\Debug\glfw.pdb'; linking object as if no debug info
glfw3.lib(win32_init.obj) : warning LNK4099: PDB 'glfw.pdb' was not found with 'glfw3.lib(win32_init.obj)' or at 'C:\Users\i849842\Personal\Unisinos\Computação Gráfica\Git\ca-lista2\Lista2-Ex2\Debug\glfw.pdb'; linking object as if no debug info
glfw3.lib(win32_monitor.obj) : warning LNK4099: PDB 'glfw.pdb' was not found with 'glfw3.lib(win32_monitor.obj)' or at 'C:\Users\i849842\Personal\Unisinos\Computação Gráfica\Git\ca-lista2\Lista2-Ex2\Debug\glfw.pdb'; linking object as if no debug info
glfw3.lib(win32_time.obj) : warning LNK4099: PDB 'glfw.pdb' was not found with 'glfw3.lib(win32_time.obj)' or at 'C:\Users\i849842\Personal\Unisinos\Computação Gráfica\Git\ca-lista2\Lista2-Ex2\Debug\glfw.pdb'; linking object as if no debug info
glfw3.lib(win32_tls.obj) : warning LNK4099: PDB 'glfw.pdb' was not found with 'glfw3.lib(win32_tls.obj)' or at 'C:\Users\i849842\Personal\Unisinos\Computação Gráfica\Git\ca-lista2\Lista2-Ex2\Debug\glfw.pdb'; linking object as if no debug info
glfw3.lib(win32_window.obj) : warning LNK4099: PDB 'glfw.pdb' was not found with 'glfw3.lib(win32_window.obj)' or at 'C:\Users\i849842\Personal\Unisinos\Computação Gráfica\Git\ca-lista2\Lista2-Ex2\Debug\glfw.pdb'; linking object as if no debug info
glfw3.lib(winmm_joystick.obj) : warning LNK4099: PDB 'glfw.pdb' was not found with 'glfw3.lib(winmm_joystick.obj)' or at 'C:\Users\i849842\Personal\Unisinos\Computação Gráfica\Git\ca-lista2\Lista2-Ex2\Debug\glfw.pdb'; linking object as if no debug info
glfw3.lib(wgl_context.obj) : warning LNK4099: PDB 'glfw.pdb' was not found with 'glfw3.lib(wgl_context.obj)' or at 'C:\Users\i849842\Personal\Unisinos\Computação Gráfica\Git\ca-lista2\Lista2-Ex2\Debug\glfw.pdb'; linking object as if no debug info
  HelloTriangle.vcxproj -> C:\Users\i849842\Personal\Unisinos\Computação Gráfica\Git\ca-lista2\Lista2-Ex2\Debug\Transforms.exe
